{
  "stats": {
    "suites": 1,
    "tests": 1,
    "passes": 1,
    "pending": 0,
    "failures": 0,
    "start": "2018-12-19T06:54:34.609Z",
    "end": "2018-12-19T06:54:34.755Z",
    "duration": 146,
    "testsRegistered": 1,
    "passPercent": 100,
    "pendingPercent": 0,
    "other": 0,
    "hasOther": false,
    "skipped": 0,
    "hasSkipped": false,
    "passPercentClass": "success",
    "pendingPercentClass": "danger"
  },
  "suites": {
    "uuid": "57d58b0c-6133-468a-85cf-fb63d8970cec",
    "title": "",
    "fullFile": "",
    "file": "",
    "beforeHooks": [],
    "afterHooks": [],
    "tests": [],
    "suites": [
      {
        "uuid": "0e5c3c60-b183-4a33-835b-3aa1ecda60fe",
        "title": "node接口测试",
        "fullFile": "E:\\testTravis\\tests\\service\\router.spec.js",
        "file": "\\tests\\service\\router.spec.js",
        "beforeHooks": [
          {
            "title": "\"before all\" hook: must be on home page",
            "fullTitle": "node接口测试 \"before all\" hook: must be on home page",
            "timedOut": false,
            "duration": 66,
            "pass": false,
            "fail": false,
            "pending": false,
            "code": "requestProxy.get('/')\n    .expect(200, done);",
            "err": {},
            "isRoot": false,
            "uuid": "c64c97a6-ac61-4f7e-9691-b382438b0c52",
            "isHook": true,
            "skipped": false
          }
        ],
        "afterHooks": [],
        "tests": [
          {
            "title": "test 接口测试",
            "fullTitle": "node接口测试 test 接口测试",
            "timedOut": false,
            "duration": 16,
            "state": "passed",
            "speed": "fast",
            "pass": true,
            "fail": false,
            "pending": false,
            "code": "requestProxy\n    .get('/')\n    .expect('Content-Type', /json/)\n    .expect(200)\n    .end(function (err, res) {\n        if (err) return done(err);\n        if (res.body.data == \"Hello World!\") {\n            done();\n        } else {\n            done(new Error(\"接口数据异常\"));\n        }\n    });",
            "err": {},
            "isRoot": false,
            "uuid": "963d53bf-43c8-47e8-a5df-f67fa0246191",
            "isHook": false,
            "skipped": false
          }
        ],
        "suites": [],
        "passes": [
          "963d53bf-43c8-47e8-a5df-f67fa0246191"
        ],
        "failures": [],
        "pending": [],
        "skipped": [],
        "duration": 16,
        "root": false,
        "rootEmpty": false,
        "_timeout": 2000
      }
    ],
    "passes": [],
    "failures": [],
    "pending": [],
    "skipped": [],
    "duration": 0,
    "root": true,
    "rootEmpty": true,
    "_timeout": 2000
  },
  "copyrightYear": 2018
}